#
# There is insufficient memory for the Java Runtime Environment to continue.
# Native memory allocation (malloc) failed to allocate 32784 bytes for Chunk::new
# Possible reasons:
#   The system is out of physical RAM or swap space
#   In 32 bit mode, the process size limit was hit
# Possible solutions:
#   Reduce memory load on the system
#   Increase physical memory or swap space
#   Check if swap backing store is full
#   Use 64 bit Java on a 64 bit OS
#   Decrease Java heap size (-Xmx/-Xms)
#   Decrease number of Java threads
#   Decrease Java thread stack sizes (-Xss)
#   Set larger code cache with -XX:ReservedCodeCacheSize=
# This output file may be truncated or incomplete.
#
#  Out of Memory Error (allocation.cpp:390), pid=1996, tid=0x000000000000219c
#
# JRE version: OpenJDK Runtime Environment (8.0_76-b03) (build 1.8.0_76-release-b03)
# Java VM: OpenJDK 64-Bit Server VM (25.76-b03 mixed mode windows-amd64 compressed oops)
# Failed to write core dump. Minidumps are not enabled by default on client versions of Windows
#

---------------  T H R E A D  ---------------

Current thread (0x0000000054eaa000):  JavaThread "C2 CompilerThread0" daemon [_thread_in_native, id=8604, stack(0x0000000056a70000,0x0000000056b70000)]

Stack: [0x0000000056a70000,0x0000000056b70000]
[error occurred during error reporting (printing stack bounds), id 0xc0000005]

Native frames: (J=compiled Java code, j=interpreted, Vv=VM code, C=native code)


Current CompileTask:
C2:  36494 2410       4       com.android.dx.cf.code.Simulator$SimVisitor::visitBranch (341 bytes)


---------------  P R O C E S S  ---------------

Java Threads: ( => current thread )
  0x0000000057225800 JavaThread "pool-1-thread-4" [_thread_blocked, id=6572, stack(0x0000000057eb0000,0x0000000057fb0000)]
  0x000000005658e800 JavaThread "pool-1-thread-3" [_thread_blocked, id=7932, stack(0x0000000057d60000,0x0000000057e60000)]
  0x000000005658c800 JavaThread "pool-1-thread-2" [_thread_blocked, id=8424, stack(0x0000000057b50000,0x0000000057c50000)]
  0x00000000564a9800 JavaThread "pool-2-thread-1" [_thread_blocked, id=7448, stack(0x0000000056960000,0x0000000056a60000)]
  0x00000000564a9000 JavaThread "pool-1-thread-1" [_thread_blocked, id=7292, stack(0x0000000056d90000,0x0000000056e90000)]
  0x0000000056200800 JavaThread "Service Thread" daemon [_thread_blocked, id=4644, stack(0x0000000057020000,0x0000000057120000)]
  0x00000000561f5000 JavaThread "C1 CompilerThread2" daemon [_thread_blocked, id=7636, stack(0x0000000056ed0000,0x0000000056fd0000)]
  0x0000000054eaf000 JavaThread "C2 CompilerThread1" daemon [_thread_blocked, id=2252, stack(0x0000000056c40000,0x0000000056d40000)]
=>0x0000000054eaa000 JavaThread "C2 CompilerThread0" daemon [_thread_in_native, id=8604, stack(0x0000000056a70000,0x0000000056b70000)]
  0x00000000561eb000 JavaThread "Attach Listener" daemon [_thread_blocked, id=3348, stack(0x0000000056840000,0x0000000056940000)]
  0x0000000054e9b000 JavaThread "Signal Dispatcher" daemon [_thread_blocked, id=6904, stack(0x00000000566d0000,0x00000000567d0000)]
  0x0000000054e81000 JavaThread "Finalizer" daemon [_thread_blocked, id=5272, stack(0x00000000560e0000,0x00000000561e0000)]
  0x0000000054e3f800 JavaThread "Reference Handler" daemon [_thread_blocked, id=8776, stack(0x0000000055fc0000,0x00000000560c0000)]
  0x000000000210e000 JavaThread "main" [_thread_blocked, id=4048, stack(0x00000000024b0000,0x00000000025b0000)]

Other Threads:
  0x0000000054e38000 VMThread [stack: 0x0000000055e60000,0x0000000055f60000] [id=8976]
  0x0000000056203000 WatcherThread [stack: 0x0000000057120000,0x0000000057220000] [id=1332]

VM state:at safepoint (normal execution)

VM Mutex/Monitor currently owned by a thread:  ([mutex/lock_event])
[0x000000000210c160] Threads_lock - owner thread: 0x0000000054e38000
[0x000000000210c660] Heap_lock - owner thread: 0x0000000057225800

Heap:
 PSYoungGen      total 137728K, used 136527K [0x00000000eab00000, 0x00000000f4400000, 0x0000000100000000)
  eden space 124928K, 100% used [0x00000000eab00000,0x00000000f2500000,0x00000000f2500000)
  from space 12800K, 90% used [0x00000000f3380000,0x00000000f3ed3df0,0x00000000f4000000)
  to   space 14848K, 20% used [0x00000000f2500000,0x00000000f27fdcd0,0x00000000f3380000)
 ParOldGen       total 42496K, used 22769K [0x00000000c0000000, 0x00000000c2980000, 0x00000000eab00000)
  object space 42496K, 53% used [0x00000000c0000000,0x00000000c163c6d8,0x00000000c2980000)
 Metaspace       used 6337K, capacity 7216K, committed 7296K, reserved 1056768K
  class space    used 589K, capacity 616K, committed 640K, reserved 1048576K

Card table byte_map: [0x0000000011970000,0x0000000011b80000] byte_map_base: 0x0000000011370000

Marking Bits: (ParMarkBitMap*) 0x000000005ece9d00
 Begin Bits: [0x00000000122b0000, 0x00000000132b0000)
 End Bits:   [0x00000000132b0000, 0x00000000142b0000)

Polling page: 0x0000000000130000

CodeCache: size=245760Kb used=10866Kb max_used=10930Kb free=234893Kb
 bounds [0x00000000025b0000, 0x0000000003070000, 0x00000000115b0000]
 total_blobs=2509 nmethods=2245 adapters=178
 compilation: enabled

Compilation events (10 events):
Event: 34.958 Thread 0x00000000561f5000 2406       3       com.android.dx.rop.code.SwitchInsn::<init> (49 bytes)
Event: 34.958 Thread 0x00000000561f5000 nmethod 2406 0x0000000003057110 code [0x00000000030572a0, 0x00000000030576e8]
Event: 35.031 Thread 0x00000000561f5000 2407       3       com.android.dx.rop.code.RegisterSpec::withLocalItem (41 bytes)
Event: 35.032 Thread 0x00000000561f5000 nmethod 2407 0x0000000003056910 code [0x0000000003056aa0, 0x0000000003056f98]
Event: 35.050 Thread 0x00000000561f5000 2408       3       com.android.dx.rop.code.SwitchInsn::withNewRegisters (22 bytes)
Event: 35.051 Thread 0x00000000561f5000 nmethod 2408 0x0000000003056390 code [0x0000000003056500, 0x0000000003056828]
Event: 35.104 Thread 0x00000000561f5000 2409       3       com.android.dx.dex.file.AnnotationUtils::makeSignature (251 bytes)
Event: 35.109 Thread 0x00000000561f5000 nmethod 2409 0x0000000003051810 code [0x0000000003051c60, 0x00000000030545e8]
Event: 36.391 Thread 0x0000000054eaa000 2410       4       com.android.dx.cf.code.Simulator$SimVisitor::visitBranch (341 bytes)
Event: 36.410 Thread 0x00000000561f5000 2411       3       com.android.dx.rop.code.RegisterSpecList::withoutLast (60 bytes)

GC Heap History (10 events):
Event: 4.272 GC heap before
{Heap before GC invocations=2 (full 0):
 PSYoungGen      total 18432K, used 18412K [0x00000000eab00000, 0x00000000ecf00000, 0x0000000100000000)
  eden space 15872K, 100% used [0x00000000eab00000,0x00000000eba80000,0x00000000eba80000)
  from space 2560K, 99% used [0x00000000eba80000,0x00000000ebcfb278,0x00000000ebd00000)
  to   space 2560K, 0% used [0x00000000ecc80000,0x00000000ecc80000,0x00000000ecf00000)
 ParOldGen       total 42496K, used 848K [0x00000000c0000000, 0x00000000c2980000, 0x00000000eab00000)
  object space 42496K, 1% used [0x00000000c0000000,0x00000000c00d4298,0x00000000c2980000)
 Metaspace       used 5791K, capacity 6832K, committed 7040K, reserved 1056768K
  class space    used 568K, capacity 616K, committed 640K, reserved 1048576K
Event: 4.353 GC heap after
Heap after GC invocations=2 (full 0):
 PSYoungGen      total 34304K, used 2536K [0x00000000eab00000, 0x00000000ecf00000, 0x0000000100000000)
  eden space 31744K, 0% used [0x00000000eab00000,0x00000000eab00000,0x00000000eca00000)
  from space 2560K, 99% used [0x00000000ecc80000,0x00000000ecefa038,0x00000000ecf00000)
  to   space 2560K, 0% used [0x00000000eca00000,0x00000000eca00000,0x00000000ecc80000)
 ParOldGen       total 42496K, used 2651K [0x00000000c0000000, 0x00000000c2980000, 0x00000000eab00000)
  object space 42496K, 6% used [0x00000000c0000000,0x00000000c0296de8,0x00000000c2980000)
 Metaspace       used 5791K, capacity 6832K, committed 7040K, reserved 1056768K
  class space    used 568K, capacity 616K, committed 640K, reserved 1048576K
}
Event: 5.063 GC heap before
{Heap before GC invocations=3 (full 0):
 PSYoungGen      total 34304K, used 34280K [0x00000000eab00000, 0x00000000ecf00000, 0x0000000100000000)
  eden space 31744K, 100% used [0x00000000eab00000,0x00000000eca00000,0x00000000eca00000)
  from space 2560K, 99% used [0x00000000ecc80000,0x00000000ecefa038,0x00000000ecf00000)
  to   space 2560K, 0% used [0x00000000eca00000,0x00000000eca00000,0x00000000ecc80000)
 ParOldGen       total 42496K, used 2651K [0x00000000c0000000, 0x00000000c2980000, 0x00000000eab00000)
  object space 42496K, 6% used [0x00000000c0000000,0x00000000c0296de8,0x00000000c2980000)
 Metaspace       used 5996K, capacity 7024K, committed 7296K, reserved 1056768K
  class space    used 569K, capacity 616K, committed 640K, reserved 1048576K
Event: 5.111 GC heap after
Heap after GC invocations=3 (full 0):
 PSYoungGen      total 34304K, used 2544K [0x00000000eab00000, 0x00000000eee00000, 0x0000000100000000)
  eden space 31744K, 0% used [0x00000000eab00000,0x00000000eab00000,0x00000000eca00000)
  from space 2560K, 99% used [0x00000000eca00000,0x00000000ecc7c098,0x00000000ecc80000)
  to   space 2560K, 0% used [0x00000000eeb80000,0x00000000eeb80000,0x00000000eee00000)
 ParOldGen       total 42496K, used 7747K [0x00000000c0000000, 0x00000000c2980000, 0x00000000eab00000)
  object space 42496K, 18% used [0x00000000c0000000,0x00000000c0790e60,0x00000000c2980000)
 Metaspace       used 5996K, capacity 7024K, committed 7296K, reserved 1056768K
  class space    used 569K, capacity 616K, committed 640K, reserved 1048576K
}
Event: 5.937 GC heap before
{Heap before GC invocations=4 (full 0):
 PSYoungGen      total 34304K, used 34288K [0x00000000eab00000, 0x00000000eee00000, 0x0000000100000000)
  eden space 31744K, 100% used [0x00000000eab00000,0x00000000eca00000,0x00000000eca00000)
  from space 2560K, 99% used [0x00000000eca00000,0x00000000ecc7c098,0x00000000ecc80000)
  to   space 2560K, 0% used [0x00000000eeb80000,0x00000000eeb80000,0x00000000eee00000)
 ParOldGen       total 42496K, used 7747K [0x00000000c0000000, 0x00000000c2980000, 0x00000000eab00000)
  object space 42496K, 18% used [0x00000000c0000000,0x00000000c0790e60,0x00000000c2980000)
 Metaspace       used 6065K, capacity 7088K, committed 7296K, reserved 1056768K
  class space    used 569K, capacity 616K, committed 640K, reserved 1048576K
Event: 5.989 GC heap after
Heap after GC invocations=4 (full 0):
 PSYoungGen      total 66048K, used 2559K [0x00000000eab00000, 0x00000000eee00000, 0x0000000100000000)
  eden space 63488K, 0% used [0x00000000eab00000,0x00000000eab00000,0x00000000ee900000)
  from space 2560K, 99% used [0x00000000eeb80000,0x00000000eedffdd0,0x00000000eee00000)
  to   space 2560K, 0% used [0x00000000ee900000,0x00000000ee900000,0x00000000eeb80000)
 ParOldGen       total 42496K, used 11911K [0x00000000c0000000, 0x00000000c2980000, 0x00000000eab00000)
  object space 42496K, 28% used [0x00000000c0000000,0x00000000c0ba1ea0,0x00000000c2980000)
 Metaspace       used 6065K, capacity 7088K, committed 7296K, reserved 1056768K
  class space    used 569K, capacity 616K, committed 640K, reserved 1048576K
}
Event: 14.246 GC heap before
{Heap before GC invocations=5 (full 0):
 PSYoungGen      total 66048K, used 66047K [0x00000000eab00000, 0x00000000eee00000, 0x0000000100000000)
  eden space 63488K, 100% used [0x00000000eab00000,0x00000000ee900000,0x00000000ee900000)
  from space 2560K, 99% used [0x00000000eeb80000,0x00000000eedffdd0,0x00000000eee00000)
  to   space 2560K, 0% used [0x00000000ee900000,0x00000000ee900000,0x00000000eeb80000)
 ParOldGen       total 42496K, used 11911K [0x00000000c0000000, 0x00000000c2980000, 0x00000000eab00000)
  object space 42496K, 28% used [0x00000000c0000000,0x00000000c0ba1ea0,0x00000000c2980000)
 Metaspace       used 6128K, capacity 7152K, committed 7296K, reserved 1056768K
  class space    used 570K, capacity 616K, committed 640K, reserved 1048576K
Event: 14.556 GC heap after
Heap after GC invocations=5 (full 0):
 PSYoungGen      total 66048K, used 2557K [0x00000000eab00000, 0x00000000f4000000, 0x0000000100000000)
  eden space 63488K, 0% used [0x00000000eab00000,0x00000000eab00000,0x00000000ee900000)
  from space 2560K, 99% used [0x00000000ee900000,0x00000000eeb7f708,0x00000000eeb80000)
  to   space 12800K, 0% used [0x00000000f3380000,0x00000000f3380000,0x00000000f4000000)
 ParOldGen       total 42496K, used 21760K [0x00000000c0000000, 0x00000000c2980000, 0x00000000eab00000)
  object space 42496K, 51% used [0x00000000c0000000,0x00000000c1540100,0x00000000c2980000)
 Metaspace       used 6128K, capacity 7152K, committed 7296K, reserved 1056768K
  class space    used 570K, capacity 616K, committed 640K, reserved 1048576K
}
Event: 19.560 GC heap before
{Heap before GC invocations=6 (full 0):
 PSYoungGen      total 66048K, used 66045K [0x00000000eab00000, 0x00000000f4000000, 0x0000000100000000)
  eden space 63488K, 100% used [0x00000000eab00000,0x00000000ee900000,0x00000000ee900000)
  from space 2560K, 99% used [0x00000000ee900000,0x00000000eeb7f708,0x00000000eeb80000)
  to   space 12800K, 0% used [0x00000000f3380000,0x00000000f3380000,0x00000000f4000000)
 ParOldGen       total 42496K, used 21760K [0x00000000c0000000, 0x00000000c2980000, 0x00000000eab00000)
  object space 42496K, 51% used [0x00000000c0000000,0x00000000c1540100,0x00000000c2980000)
 Metaspace       used 6259K, capacity 7152K, committed 7296K, reserved 1056768K
  class space    used 589K, capacity 616K, committed 640K, reserved 1048576K
Event: 19.931 GC heap after
Heap after GC invocations=6 (full 0):
 PSYoungGen      total 137728K, used 11599K [0x00000000eab00000, 0x00000000f4400000, 0x0000000100000000)
  eden space 124928K, 0% used [0x00000000eab00000,0x00000000eab00000,0x00000000f2500000)
  from space 12800K, 90% used [0x00000000f3380000,0x00000000f3ed3df0,0x00000000f4000000)
  to   space 14848K, 0% used [0x00000000f2500000,0x00000000f2500000,0x00000000f3380000)
 ParOldGen       total 42496K, used 21760K [0x00000000c0000000, 0x00000000c2980000, 0x00000000eab00000)
  object space 42496K, 51% used [0x00000000c0000000,0x00000000c1540100,0x00000000c2980000)
 Metaspace       used 6259K, capacity 7152K, committed 7296K, reserved 1056768K
  class space    used 589K, capacity 616K, committed 640K, reserved 1048576K
}

Deoptimization events (10 events):
Event: 20.118 Thread 0x000000005658c800 Uncommon trap: reason=unstable_if action=reinterpret pc=0x0000000002de1fc4 method=com.android.dx.cf.code.Simulator$SimVisitor.visitLocal(IIIILcom/android/dx/rop/type/Type;I)V @ 222
Event: 22.705 Thread 0x00000000564a9000 Uncommon trap: reason=unstable_if action=reinterpret pc=0x0000000002cad56c method=java.util.HashMap.resize()[Ljava/util/HashMap$Node; @ 206
Event: 22.943 Thread 0x0000000057225800 Uncommon trap: reason=unstable_if action=reinterpret pc=0x0000000002d3cec4 method=com.android.dx.cf.code.Ropper.isSynchronized()Z @ 12
Event: 22.944 Thread 0x0000000057225800 Uncommon trap: reason=unstable_if action=reinterpret pc=0x0000000002c2d804 method=com.android.dx.ssa.MoveParamCombiner$1.visitNonMoveInsn(Lcom/android/dx/ssa/NormalSsaInsn;)V @ 27
Event: 23.152 Thread 0x00000000564a9000 Uncommon trap: reason=unstable_if action=reinterpret pc=0x0000000002cb7010 method=com.android.dx.rop.code.DexTranslationAdvice.hasConstantOperation(Lcom/android/dx/rop/code/Rop;Lcom/android/dx/rop/code/RegisterSpec;Lcom/android/dx/rop/code/RegisterSpec;)Z †(	‡'A@
Event: 34.309 Thread 0x000000005658c800 Uncommon trap: reason=class_check action=maybe_recompile pc=0x0000000002bae274 method=com.android.dx.ssa.SCCP.simulateBranch(Lcom/android/dx/ssa/SsaInsn;)V @ 145
Event: 34.317 Thread 0x000000005658c800 Uncommon trap: reason=unstable_if action=reinterpret pc=0x0000000002cfe90c method=com.android.dx.cf.code.ByteCatchList.listFor(I)Lcom/android/dx/cf/code/ByteCatchList; @ 47
Event: 34.319 Thread 0x000000005658c800 Uncommon trap: reason=bimorphic action=maybe_recompile pc=0x0000000002e8d730 method=com.android.dx.cf.code.OneLocalsArray.set(ILcom/android/dx/rop/type/TypeBearer;)V @ 85
Event: 34.398 Thread 0x000000005658c800 Uncommon trap: reason=class_check action=maybe_recompile pc=0x0000000003029fdc method=com.android.dx.ssa.back.FirstFitLocalCombiningAllocator.findNextUnreservedRopReg(IILcom/android/dx/ssa/back/FirstFitLocalCombiningAllocator$Alignment;)I @ 60
Event: 34.399 Thread 0x000000005658c800 Uncommon trap: reason=class_check action=maybe_recompile pc=0x0000000002ff746c method=com.android.dx.ssa.back.FirstFitLocalCombiningAllocator.findNextUnreservedRopReg(IILcom/android/dx/ssa/back/FirstFitLocalCombiningAllocator$Alignment;)I @ 60

Internal exceptions (6 events):
Event: 0.127 Thread 0x000000000210e000 Exception <a 'java/lang/NoSuchMethodError': Method sun.misc.Unsafe.defineClass(Ljava/lang/String;[BII)Ljava/lang/Class; name or signature does not match> (0x00000000eab07cc0) thrown at [C:\src\android\AOSP-openjdk\external\jetbrains\jdk\hotspot\src\share\v”
Event: 0.127 Thread 0x000000000210e000 Exception <a 'java/lang/NoSuchMethodError': Method sun.misc.Unsafe.prefetchRead(Ljava/lang/Object;J)V name or signature does not match> (0x00000000eab07fa8) thrown at [C:\src\android\AOSP-openjdk\external\jetbrains\jdk\hotspot\src\share\vm\prims\jni.cpp, l˜fEù\1@
Event: 17.363 Thread 0x000000005658c800 Exception <a 'java/lang/ArrayIndexOutOfBoundsException': 18> (0x00000000ecb11a28) thrown at [C:\src\android\AOSP-openjdk\external\jetbrains\jdk\hotspot\src\share\vm\interpreter\interpreterRuntime.cpp, line 366]
Event: 17.366 Thread 0x000000005658c800 Exception <a 'java/lang/ArrayIndexOutOfBoundsException'> (0x00000000ecb135a8) thrown at [C:\src\android\AOSP-openjdk\external\jetbrains\jdk\hotspot\src\share\vm\runtime\sharedRuntime.cpp, line 605]
Event: 17.367 Thread 0x000000005658c800 Exception <a 'java/lang/ArrayIndexOutOfBoundsException'> (0x00000000ecb14890) thrown at [C:\src\android\AOSP-openjdk\external\jetbrains\jdk\hotspot\src\share\vm\runtime\sharedRuntime.cpp, line 605]
Event: 20.118 Thread 0x000000005658c800 Implicit null exception at 0x0000000002de0823 to 0x0000000002de1f89

Events (10 events):
Event: 34.398 Thread 0x000000005658c800 Uncommon trap: trap_request=0xffffffde fr.pc=0x0000000003029fdc
Event: 34.398 Thread 0x000000005658c800 DEOPT PACKING pc=0x0000000003029fdc sp=0x0000000057c4eb00
Event: 34.399 Thread 0x000000005658c800 DEOPT UNPACKING pc=0x00000000025f556a sp=0x0000000057c4e9b0 mode 2
Event: 34.399 Thread 0x000000005658c800 Uncommon trap: trap_request=0xffffffde fr.pc=0x0000000002ff746c
Event: 34.399 Thread 0x000000005658c800 DEOPT PACKING pc=0x0000000002ff746c sp=0x0000000057c4e9f0
Event: 34.399 Thread 0x000000005658c800 DEOPT UNPACKING pc=0x00000000025f556a sp=0x0000000057c4e978 mode 2
Event: 34.403 Thread 0x0000000054eaf000 flushing nmethod 0x00000000026bcb10
Event: 34.403 Thread 0x0000000054eaf000 flushing nmethod 0x00000000026dc0d0
Event: 34.403 Thread 0x0000000054eaf000 flushing nmethod 0x00000000026f73d0
Event: 34.403 Thread 0x0000000054eaf000 flushing nmethod 0x00000000026fb990


Dynamic libraries:
0x000000013f2a0000 - 0x000000013f2d1000 	D:\Program Files\Android\Android Studio\jre\bin\java.exe
0x0000000077640000 - 0x00000000777e9000 	C:\Windows\SYSTEM32\ntdll.dll
0x0000000077420000 - 0x000000007753f000 	C:\Windows\system32\kernel32.dll
0x000007fefd720000 - 0x000007fefd78b000 	C:\Windows\system32\KERNELBASE.dll
0x000007feff6c0000 - 0x000007feff79b000 	C:\Windows\system32\ADVAPI32.dll
0x000007feff100000 - 0x000007feff19f000 	C:\Windows\system32\msvcrt.dll
0x000007feff560000 - 0x000007feff57f000 	C:\Windows\SYSTEM32\sechost.dll
0x000007fefdc50000 - 0x000007fefdd7d000 	C:\Windows\system32\RPCRT4.dll
0x0000000077540000 - 0x000000007763a000 	C:\Windows\system32\USER32.dll
0x000007fefee30000 - 0x000007fefee97000 	C:\Windows\system32\GDI32.dll
0x000007feff6b0000 - 0x000007feff6be000 	C:\Windows\system32\LPK.dll
0x000007feff5e0000 - 0x000007feff6a9000 	C:\Windows\system32\USP10.dll
0x000007fefcc80000 - 0x000007fefce74000 	C:\Windows\WinSxS\amd64_microsoft.windows.common-controls_6595b64144ccf1df_6.0.7601.17514_none_fa396087175ac9ac\COMCTL32.dll
0x000007feff8c0000 - 0x000007feff931000 	C:\Windows\system32\SHLWAPI.dll
0x000007feff320000 - 0x000007feff34e000 	C:\Windows\system32\IMM32.DLL
0x000007fefd960000 - 0x000007fefda69000 	C:\Windows\system32\MSCTF.dll
0x0000000060ef0000 - 0x0000000060fc2000 	D:\Program Files\Android\Android Studio\jre\jre\bin\msvcr100.dll
0x000000005e530000 - 0x000000005ed64000 	D:\Program Files\Android\Android Studio\jre\jre\bin\server\jvm.dll
0x000007fefbeb0000 - 0x000007fefbeb9000 	C:\Windows\system32\WSOCK32.dll
0x000007fefdf50000 - 0x000007fefdf9d000 	C:\Windows\system32\WS2_32.dll
0x000007feff940000 - 0x000007feff948000 	C:\Windows\system32\NSI.dll
0x000007fefab00000 - 0x000007fefab3b000 	C:\Windows\system32\WINMM.dll
0x000007fefc6a0000 - 0x000007fefc6ac000 	C:\Windows\system32\VERSION.dll
0x0000000077810000 - 0x0000000077817000 	C:\Windows\system32\PSAPI.DLL
0x000007fefb7d0000 - 0x000007fefb7df000 	D:\Program Files\Android\Android Studio\jre\jre\bin\verify.dll
0x000007fef95f0000 - 0x000007fef9619000 	D:\Program Files\Android\Android Studio\jre\jre\bin\java.dll
0x000007fefb0e0000 - 0x000007fefb0f6000 	D:\Program Files\Android\Android Studio\jre\jre\bin\zip.dll
0x000007fefe0a0000 - 0x000007fefee28000 	C:\Windows\system32\SHELL32.dll
0x000007feff350000 - 0x000007feff553000 	C:\Windows\system32\ole32.dll
0x000007fefd590000 - 0x000007fefd59f000 	C:\Windows\system32\profapi.dll

VM Arguments:
jvm_args: -Djava.awt.headless=true -Xmx1024M -Dfile.encoding=GBK -Duser.country=CN -Duser.language=zh -Duser.variant 
java_command: com.android.dx.command.Main --dex --num-threads=4 --output C:\Users\JvHuaxia\AndroidProject\Rijiben\app\build\intermediates\pre-dexed\debug\com.android.support-appcompat-v7-25.1.1_d21c8bfbc4ecedace6f9a46789f0b31a7b0ac1eb.jar C:\Users\JvHuaxia\AndroidProject\Rijiben\app\build\intermediates\exploded-aar\com.android.support\appcompat-v7\25.1.1\jars\classes.jar
java_class_path (initial): D:\AndroidSDK\build-tools\25.0.2\lib\dx.jar
Launcher Type: SUN_STANDARD

Environment Variables:
JAVA_HOME=C:\Program Files\Java\jdk1.8.0_121
PATH=C:\ProgramData\Oracle\Java\javapath;C:\Program Files (x86)\NVIDIA Corporation\PhysX\Common;C:\Windows\system32;C:\Windows;C:\Windows\System32\Wbem;C:\Windows\System32\WindowsPowerShell\v1.0\;C:\Program Files\MySQL\MySQL Utilities 1.6\;C:\Users\JvHuaxia\AppData\Local\Programs\Python\Python36\Scripts\;C:\Users\JvHuaxia\AppData\Local\Programs\Python\Python36\
USERNAME=JvHuaxia
OS=Windows_NT
PROCESSOR_IDENTIFIER=Intel64 Family 6 Model 37 Stepping 2, GenuineIntel



---------------  S Y S T E M  ---------------

OS: Windows 7 , 64 bit Build 7601 (6.1.7601.17514)

CPU:total 4 (2 cores per cpu, 2 threads per core) family 6 model 37 stepping 2, cmov, cx8, fxsr, mmx, sse, sse2, sse3, ssse3, sse4.1, sse4.2, popcnt, ht, tsc, tscinvbit

Memory: 4k page, physical 4051460k(84452k free), swap 6146768k(4692k free)

vm_info: OpenJDK 64-Bit Server VM (25.76-b03) for windows-amd64 JRE (1.8.0_76-release-b03), built on Jun 29 2016 19:09:20 by "ralucas" with MS VC++ 10.0 (VS2010)

time: Tue Feb 28 01:52:41 2017
elapsed time: 36 seconds (0d 0h 0m 36s)

