#
# There is insufficient memory for the Java Runtime Environment to continue.
# Native memory allocation (malloc) failed to allocate 946576 bytes for Chunk::new
# Possible reasons:
#   The system is out of physical RAM or swap space
#   In 32 bit mode, the process size limit was hit
# Possible solutions:
#   Reduce memory load on the system
#   Increase physical memory or swap space
#   Check if swap backing store is full
#   Use 64 bit Java on a 64 bit OS
#   Decrease Java heap size (-Xmx/-Xms)
#   Decrease number of Java threads
#   Decrease Java thread stack sizes (-Xss)
#   Set larger code cache with -XX:ReservedCodeCacheSize=
# This output file may be truncated or incomplete.
#
#  Out of Memory Error (allocation.cpp:390), pid=5852, tid=0x0000000000000c90
#
# JRE version: OpenJDK Runtime Environment (8.0_76-b03) (build 1.8.0_76-release-b03)
# Java VM: OpenJDK 64-Bit Server VM (25.76-b03 mixed mode windows-amd64 compressed oops)
# Failed to write core dump. Minidumps are not enabled by default on client versions of Windows
#

---------------  T H R E A D  ---------------

Current thread (0x0000000056222000):  JavaThread "C2 CompilerThread1" daemon [_thread_in_native, id=3216, stack(0x0000000056ab0000,0x0000000056bb0000)]

Stack: [0x0000000056ab0000,0x0000000056bb0000]
[error occurred during error reporting (printing stack bounds), id 0xc0000005]

Native frames: (J=compiled Java code, j=interpreted, Vv=VM code, C=native code)


Current CompileTask:
C2:  30685 2194       4       com.android.dx.dex.code.OutputFinisher::addConstants (93 bytes)


---------------  P R O C E S S  ---------------

Java Threads: ( => current thread )
  0x0000000056225800 JavaThread "Service Thread" daemon [_thread_blocked, id=1344, stack(0x0000000056e90000,0x0000000056f90000)]
  0x0000000056222800 JavaThread "C1 CompilerThread2" daemon [_thread_blocked, id=7560, stack(0x0000000056c40000,0x0000000056d40000)]
=>0x0000000056222000 JavaThread "C2 CompilerThread1" daemon [_thread_in_native, id=3216, stack(0x0000000056ab0000,0x0000000056bb0000)]
  0x00000000561c0000 JavaThread "C2 CompilerThread0" daemon [_thread_blocked, id=8264, stack(0x0000000056960000,0x0000000056a60000)]
  0x00000000561bb000 JavaThread "Attach Listener" daemon [_thread_blocked, id=2740, stack(0x0000000056790000,0x0000000056890000)]
  0x0000000054d4b000 JavaThread "Signal Dispatcher" daemon [_thread_blocked, id=1676, stack(0x0000000056600000,0x0000000056700000)]
  0x0000000054d37000 JavaThread "Finalizer" daemon [_thread_blocked, id=6324, stack(0x00000000560b0000,0x00000000561b0000)]
  0x0000000054cf0000 JavaThread "Reference Handler" daemon [_thread_blocked, id=2728, stack(0x0000000055c90000,0x0000000055d90000)]
  0x000000000048e000 JavaThread "main" [_thread_in_native, id=6800, stack(0x0000000002250000,0x0000000002350000)]

Other Threads:
  0x0000000054ce8000 VMThread [stack: 0x0000000055e20000,0x0000000055f20000] [id=3504]
  0x0000000056227800 WatcherThread [stack: 0x0000000057000000,0x0000000057100000] [id=6564]

VM state:not at safepoint (normal execution)

VM Mutex/Monitor currently owned by a thread: None

Heap:
 PSYoungGen      total 66048K, used 16609K [0x00000000eab00000, 0x00000000f4100000, 0x0000000100000000)
  eden space 63488K, 22% used [0x00000000eab00000,0x00000000eb8bc498,0x00000000ee900000)
  from space 2560K, 99% used [0x00000000ee900000,0x00000000eeb7c1b0,0x00000000eeb80000)
  to   space 13312K, 0% used [0x00000000f3400000,0x00000000f3400000,0x00000000f4100000)
 ParOldGen       total 42496K, used 23423K [0x00000000c0000000, 0x00000000c2980000, 0x00000000eab00000)
  object space 42496K, 55% used [0x00000000c0000000,0x00000000c16dfd48,0x00000000c2980000)
 Metaspace       used 7153K, capacity 7736K, committed 7936K, reserved 1056768K
  class space    used 649K, capacity 688K, committed 768K, reserved 1048576K

Card table byte_map: [0x0000000011710000,0x0000000011920000] byte_map_base: 0x0000000011110000

Marking Bits: (ParMarkBitMap*) 0x000000005ece9d00
 Begin Bits: [0x0000000012160000, 0x0000000013160000)
 End Bits:   [0x0000000013160000, 0x0000000014160000)

Polling page: 0x00000000001d0000

CodeCache: size=245760Kb used=9782Kb max_used=9782Kb free=235977Kb
 bounds [0x0000000002350000, 0x0000000002cf0000, 0x0000000011350000]
 total_blobs=2405 nmethods=2128 adapters=191
 compilation: enabled

Compilation events (10 events):
Event: 30.503 Thread 0x0000000056222800 nmethod 2664 0x0000000002cda850 code [0x0000000002cda9a0, 0x0000000002cdab10]
Event: 30.509 Thread 0x00000000561c0000 nmethod 2661% 0x0000000002cda110 code [0x0000000002cda260, 0x0000000002cda638]
Event: 30.514 Thread 0x0000000056222800 2665  s!   3       sun.misc.URLClassPath::getLoader (197 bytes)
Event: 30.518 Thread 0x0000000056222800 nmethod 2665 0x0000000002ce2950 code [0x0000000002ce2d60, 0x0000000002ce5858]
Event: 30.518 Thread 0x0000000056222800 2666   !   3       sun.misc.URLClassPath$JarLoader::getResource (85 bytes)
Event: 30.520 Thread 0x0000000056222800 nmethod 2666 0x0000000002cdfe90 code [0x0000000002ce0120, 0x0000000002ce1058]
Event: 30.520 Thread 0x0000000056222800 2667       1       java.nio.Buffer::position (5 bytes)
Event: 30.520 Thread 0x0000000056222800 nmethod 2667 0x0000000002cdfbd0 code [0x0000000002cdfd20, 0x0000000002cdfe30]
Event: 30.527 Thread 0x0000000056222800 2668       3       sun.nio.cs.ext.DoubleByte$Encoder::encodeChar (21 bytes)
Event: 30.528 Thread 0x0000000056222800 nmethod 2668 0x0000000002cdf750 code [0x0000000002cdf8c0, 0x0000000002cdfa70]

GC Heap History (10 events):
Event: 1.994 GC heap before
{Heap before GC invocations=1 (full 0):
 PSYoungGen      total 18432K, used 15872K [0x00000000eab00000, 0x00000000ebf80000, 0x0000000100000000)
  eden space 15872K, 100% used [0x00000000eab00000,0x00000000eba80000,0x00000000eba80000)
  from space 2560K, 0% used [0x00000000ebd00000,0x00000000ebd00000,0x00000000ebf80000)
  to   space 2560K, 0% used [0x00000000eba80000,0x00000000eba80000,0x00000000ebd00000)
 ParOldGen       total 42496K, used 0K [0x00000000c0000000, 0x00000000c2980000, 0x00000000eab00000)
  object space 42496K, 0% used [0x00000000c0000000,0x00000000c0000000,0x00000000c2980000)
 Metaspace       used 5543K, capacity 6640K, committed 6784K, reserved 1056768K
  class space    used 562K, capacity 616K, committed 640K, reserved 1048576K
Event: 2.336 GC heap after
Heap after GC invocations=1 (full 0):
 PSYoungGen      total 18432K, used 2546K [0x00000000eab00000, 0x00000000ecf00000, 0x0000000100000000)
  eden space 15872K, 0% used [0x00000000eab00000,0x00000000eab00000,0x00000000eba80000)
  from space 2560K, 99% used [0x00000000eba80000,0x00000000ebcfcac8,0x00000000ebd00000)
  to   space 2560K, 0% used [0x00000000ecc80000,0x00000000ecc80000,0x00000000ecf00000)
 ParOldGen       total 42496K, used 1423K [0x00000000c0000000, 0x00000000c2980000, 0x00000000eab00000)
  object space 42496K, 3% used [0x00000000c0000000,0x00000000c0163d60,0x00000000c2980000)
 Metaspace       used 5543K, capacity 6640K, committed 6784K, reserved 1056768K
  class space    used 562K, capacity 616K, committed 640K, reserved 1048576K
}
Event: 5.173 GC heap before
{Heap before GC invocations=2 (full 0):
 PSYoungGen      total 18432K, used 18418K [0x00000000eab00000, 0x00000000ecf00000, 0x0000000100000000)
  eden space 15872K, 100% used [0x00000000eab00000,0x00000000eba80000,0x00000000eba80000)
  from space 2560K, 99% used [0x00000000eba80000,0x00000000ebcfcac8,0x00000000ebd00000)
  to   space 2560K, 0% used [0x00000000ecc80000,0x00000000ecc80000,0x00000000ecf00000)
 ParOldGen       total 42496K, used 1423K [0x00000000c0000000, 0x00000000c2980000, 0x00000000eab00000)
  object space 42496K, 3% used [0x00000000c0000000,0x00000000c0163d60,0x00000000c2980000)
 Metaspace       used 5840K, capacity 6896K, committed 7040K, reserved 1056768K
  class space    used 564K, capacity 616K, committed 640K, reserved 1048576K
Event: 5.409 GC heap after
Heap after GC invocations=2 (full 0):
 PSYoungGen      total 34304K, used 2552K [0x00000000eab00000, 0x00000000ecf00000, 0x0000000100000000)
  eden space 31744K, 0% used [0x00000000eab00000,0x00000000eab00000,0x00000000eca00000)
  from space 2560K, 99% used [0x00000000ecc80000,0x00000000ecefe028,0x00000000ecf00000)
  to   space 2560K, 0% used [0x00000000eca00000,0x00000000eca00000,0x00000000ecc80000)
 ParOldGen       total 42496K, used 3171K [0x00000000c0000000, 0x00000000c2980000, 0x00000000eab00000)
  object space 42496K, 7% used [0x00000000c0000000,0x00000000c0318f58,0x00000000c2980000)
 Metaspace       used 5840K, capacity 6896K, committed 7040K, reserved 1056768K
  class space    used 564K, capacity 616K, committed 640K, reserved 1048576K
}
Event: 11.448 GC heap before
{Heap before GC invocations=3 (full 0):
 PSYoungGen      total 34304K, used 34296K [0x00000000eab00000, 0x00000000ecf00000, 0x0000000100000000)
  eden space 31744K, 100% used [0x00000000eab00000,0x00000000eca00000,0x00000000eca00000)
  from space 2560K, 99% used [0x00000000ecc80000,0x00000000ecefe028,0x00000000ecf00000)
  to   space 2560K, 0% used [0x00000000eca00000,0x00000000eca00000,0x00000000ecc80000)
 ParOldGen       total 42496K, used 3171K [0x00000000c0000000, 0x00000000c2980000, 0x00000000eab00000)
  object space 42496K, 7% used [0x00000000c0000000,0x00000000c0318f58,0x00000000c2980000)
 Metaspace       used 6047K, capacity 7088K, committed 7296K, reserved 1056768K
  class space    used 567K, capacity 616K, committed 640K, reserved 1048576K
Event: 11.554 GC heap after
Heap after GC invocations=3 (full 0):
 PSYoungGen      total 34304K, used 2528K [0x00000000eab00000, 0x00000000eee00000, 0x0000000100000000)
  eden space 31744K, 0% used [0x00000000eab00000,0x00000000eab00000,0x00000000eca00000)
  from space 2560K, 98% used [0x00000000eca00000,0x00000000ecc78008,0x00000000ecc80000)
  to   space 2560K, 0% used [0x00000000eeb80000,0x00000000eeb80000,0x00000000eee00000)
 ParOldGen       total 42496K, used 8578K [0x00000000c0000000, 0x00000000c2980000, 0x00000000eab00000)
  object space 42496K, 20% used [0x00000000c0000000,0x00000000c0860b98,0x00000000c2980000)
 Metaspace       used 6047K, capacity 7088K, committed 7296K, reserved 1056768K
  class space    used 567K, capacity 616K, committed 640K, reserved 1048576K
}
Event: 13.021 GC heap before
{Heap before GC invocations=4 (full 0):
 PSYoungGen      total 34304K, used 34272K [0x00000000eab00000, 0x00000000eee00000, 0x0000000100000000)
  eden space 31744K, 100% used [0x00000000eab00000,0x00000000eca00000,0x00000000eca00000)
  from space 2560K, 98% used [0x00000000eca00000,0x00000000ecc78008,0x00000000ecc80000)
  to   space 2560K, 0% used [0x00000000eeb80000,0x00000000eeb80000,0x00000000eee00000)
 ParOldGen       total 42496K, used 8578K [0x00000000c0000000, 0x00000000c2980000, 0x00000000eab00000)
  object space 42496K, 20% used [0x00000000c0000000,0x00000000c0860b98,0x00000000c2980000)
 Metaspace       used 6080K, capacity 7088K, committed 7296K, reserved 1056768K
  class space    used 569K, capacity 616K, committed 640K, reserved 1048576K
Event: 13.190 GC heap after
Heap after GC invocations=4 (full 0):
 PSYoungGen      total 66048K, used 2551K [0x00000000eab00000, 0x00000000eee00000, 0x0000000100000000)
  eden space 63488K, 0% used [0x00000000eab00000,0x00000000eab00000,0x00000000ee900000)
  from space 2560K, 99% used [0x00000000eeb80000,0x00000000eedfde20,0x00000000eee00000)
  to   space 2560K, 0% used [0x00000000ee900000,0x00000000ee900000,0x00000000eeb80000)
 ParOldGen       total 42496K, used 12948K [0x00000000c0000000, 0x00000000c2980000, 0x00000000eab00000)
  object space 42496K, 30% used [0x00000000c0000000,0x00000000c0ca52c8,0x00000000c2980000)
 Metaspace       used 6080K, capacity 7088K, committed 7296K, reserved 1056768K
  class space    used 569K, capacity 616K, committed 640K, reserved 1048576K
}
Event: 28.682 GC heap before
{Heap before GC invocations=5 (full 0):
 PSYoungGen      total 66048K, used 66039K [0x00000000eab00000, 0x00000000eee00000, 0x0000000100000000)
  eden space 63488K, 100% used [0x00000000eab00000,0x00000000ee900000,0x00000000ee900000)
  from space 2560K, 99% used [0x00000000eeb80000,0x00000000eedfde20,0x00000000eee00000)
  to   space 2560K, 0% used [0x00000000ee900000,0x00000000ee900000,0x00000000eeb80000)
 ParOldGen       total 42496K, used 12948K [0x00000000c0000000, 0x00000000c2980000, 0x00000000eab00000)
  object space 42496K, 30% used [0x00000000c0000000,0x00000000c0ca52c8,0x00000000c2980000)
 Metaspace       used 6146K, capacity 7152K, committed 7296K, reserved 1056768K
  class space    used 570K, capacity 616K, committed 640K, reserved 1048576K
Event: 28.789 GC heap after
Heap after GC invocations=5 (full 0):
 PSYoungGen      total 66048K, used 2544K [0x00000000eab00000, 0x00000000f4100000, 0x0000000100000000)
  eden space 63488K, 0% used [0x00000000eab00000,0x00000000eab00000,0x00000000ee900000)
  from space 2560K, 99% used [0x00000000ee900000,0x00000000eeb7c1b0,0x00000000eeb80000)
  to   space 13312K, 0% used [0x00000000f3400000,0x00000000f3400000,0x00000000f4100000)
 ParOldGen       total 42496K, used 23423K [0x00000000c0000000, 0x00000000c2980000, 0x00000000eab00000)
  object space 42496K, 55% used [0x00000000c0000000,0x00000000c16dfd48,0x00000000c2980000)
 Metaspace       used 6146K, capacity 7152K, committed 7296K, reserved 1056768K
  class space    used 570K, capacity 616K, committed 640K, reserved 1048576K
}

Deoptimization events (10 events):
Event: 29.795 Thread 0x000000000048e000 Uncommon trap: reason=speculate_class_check action=maybe_recompile pc=0x00000000026de064 method=com.android.dx.util.FixedSizeList.equals(Ljava/lang/Object;)Z @ 25
Event: 29.878 Thread 0x000000000048e000 Uncommon trap: reason=unstable_if action=reinterpret pc=0x00000000029a8334 method=java.util.TreeMap.put(Ljava/lang/Object;Ljava/lang/Object;)Ljava/lang/Object; @ 163
Event: 29.925 Thread 0x000000000048e000 Uncommon trap: reason=unstable_if action=reinterpret pc=0x0000000002b7d350 method=java.util.ArrayList.<init>(I)V @ 5
Event: 30.026 Thread 0x000000000048e000 Uncommon trap: reason=unstable_if action=reinterpret pc=0x0000000002673dbc method=java.lang.Long.numberOfTrailingZeros(J)I @ 3
Event: 30.097 Thread 0x000000000048e000 Uncommon trap: reason=unstable_if action=reinterpret pc=0x000000000268eab4 method=com.android.dx.util.ByteArrayAnnotatedOutput.writeByte(I)V @ 13
Event: 30.231 Thread 0x000000000048e000 Uncommon trap: reason=unstable_if action=reinterpret pc=0x00000000024c5248 method=com.android.dx.util.ByteArrayAnnotatedOutput.writeByte(I)V @ 13
Event: 30.444 Thread 0x000000000048e000 Uncommon trap: reason=unstable_if action=reinterpret pc=0x00000000026805e8 method=java.util.Arrays.copyOf([Ljava/lang/Object;ILjava/lang/Class;)[Ljava/lang/Object; @ 3
Event: 30.446 Thread 0x000000000048e000 Uncommon trap: reason=class_check action=maybe_recompile pc=0x0000000002b2f914 method=java.util.HashMap.putVal(ILjava/lang/Object;Ljava/lang/Object;ZZ)Ljava/lang/Object; @ 56
Event: 30.446 Thread 0x000000000048e000 Uncommon trap: reason=class_check action=maybe_recompile pc=0x0000000002b2f98c method=java.util.HashMap.putVal(ILjava/lang/Object;Ljava/lang/Object;ZZ)Ljava/lang/Object; @ 152
Event: 30.446 Thread 0x000000000048e000 Uncommon trap: reason=class_check action=maybe_recompile pc=0x0000000002b2f914 method=java.util.HashMap.putVal(ILjava/lang/Object;Ljava/lang/Object;ZZ)Ljava/lang/Object; @ 56

Internal exceptions (8 events):
Event: 0.176 Thread 0x000000000048e000 Exception <a 'java/lang/NoSuchMethodError': Method sun.misc.Unsafe.defineClass(Ljava/lang/String;[BII)Ljava/lang/Class; name or signature does not match> (0x00000000eab07cc0) thrown at [C:\src\android\AOSP-openjdk\external\jetbrains\jdk\hotspot\src\share\vvÿΩ6˛Ä∆?
Event: 0.176 Thread 0x000000000048e000 Exception <a 'java/lang/NoSuchMethodError': Method sun.misc.Unsafe.prefetchRead(Ljava/lang/Object;J)V name or signature does not match> (0x00000000eab07fa8) thrown at [C:\src\android\AOSP-openjdk\external\jetbrains\jdk\hotspot\src\share\vm\prims\jni.cpp, lPÊç{O8%@
Event: 10.610 Thread 0x0000000056418000 Implicit null exception at 0x000000000285f4ae to 0x0000000002860ba9
Event: 18.979 Thread 0x000000005644b800 Implicit null exception at 0x0000000002840add to 0x0000000002841f15
Event: 24.181 Thread 0x0000000056413000 Implicit null exception at 0x0000000002b34d7d to 0x0000000002b36891
Event: 24.182 Thread 0x0000000056413000 Implicit null exception at 0x000000000294b148 to 0x000000000294c8b1
Event: 24.183 Thread 0x0000000056413000 Implicit null exception at 0x0000000002b94afa to 0x0000000002b9684d
Event: 25.963 Thread 0x0000000056413000 Implicit null exception at 0x0000000002c42663 to 0x0000000002c43c19

Events (10 events):
Event: 30.526 loading class sun/util/calendar/CalendarSystem done
Event: 30.526 loading class sun/util/calendar/Gregorian
Event: 30.526 loading class sun/util/calendar/BaseCalendar
Event: 30.526 loading class sun/util/calendar/AbstractCalendar
Event: 30.526 loading class sun/util/calendar/AbstractCalendar done
Event: 30.526 loading class sun/util/calendar/BaseCalendar done
Event: 30.526 loading class sun/util/calendar/Gregorian done
Event: 30.527 loading class java/util/TimeZone
Event: 30.527 loading class java/util/TimeZone done
Event: 30.624 loading class sun/util/calendar/ZoneInfo


Dynamic libraries:
0x000000013f2a0000 - 0x000000013f2d1000 	D:\Program Files\Android\Android Studio\jre\bin\java.exe
0x0000000077640000 - 0x00000000777e9000 	C:\Windows\SYSTEM32\ntdll.dll
0x0000000077420000 - 0x000000007753f000 	C:\Windows\system32\kernel32.dll
0x000007fefd720000 - 0x000007fefd78b000 	C:\Windows\system32\KERNELBASE.dll
0x000007feff6c0000 - 0x000007feff79b000 	C:\Windows\system32\ADVAPI32.dll
0x000007feff100000 - 0x000007feff19f000 	C:\Windows\system32\msvcrt.dll
0x000007feff560000 - 0x000007feff57f000 	C:\Windows\SYSTEM32\sechost.dll
0x000007fefdc50000 - 0x000007fefdd7d000 	C:\Windows\system32\RPCRT4.dll
0x0000000077540000 - 0x000000007763a000 	C:\Windows\system32\USER32.dll
0x000007fefee30000 - 0x000007fefee97000 	C:\Windows\system32\GDI32.dll
0x000007feff6b0000 - 0x000007feff6be000 	C:\Windows\system32\LPK.dll
0x000007feff5e0000 - 0x000007feff6a9000 	C:\Windows\system32\USP10.dll
0x000007fefcc80000 - 0x000007fefce74000 	C:\Windows\WinSxS\amd64_microsoft.windows.common-controls_6595b64144ccf1df_6.0.7601.17514_none_fa396087175ac9ac\COMCTL32.dll
0x000007feff8c0000 - 0x000007feff931000 	C:\Windows\system32\SHLWAPI.dll
0x000007feff320000 - 0x000007feff34e000 	C:\Windows\system32\IMM32.DLL
0x000007fefd960000 - 0x000007fefda69000 	C:\Windows\system32\MSCTF.dll
0x0000000060ef0000 - 0x0000000060fc2000 	D:\Program Files\Android\Android Studio\jre\jre\bin\msvcr100.dll
0x000000005e530000 - 0x000000005ed64000 	D:\Program Files\Android\Android Studio\jre\jre\bin\server\jvm.dll
0x000007fefbeb0000 - 0x000007fefbeb9000 	C:\Windows\system32\WSOCK32.dll
0x000007fefdf50000 - 0x000007fefdf9d000 	C:\Windows\system32\WS2_32.dll
0x000007feff940000 - 0x000007feff948000 	C:\Windows\system32\NSI.dll
0x000007fefab00000 - 0x000007fefab3b000 	C:\Windows\system32\WINMM.dll
0x000007fefc6a0000 - 0x000007fefc6ac000 	C:\Windows\system32\VERSION.dll
0x0000000077810000 - 0x0000000077817000 	C:\Windows\system32\PSAPI.DLL
0x000007fefb7d0000 - 0x000007fefb7df000 	D:\Program Files\Android\Android Studio\jre\jre\bin\verify.dll
0x000007fef95f0000 - 0x000007fef9619000 	D:\Program Files\Android\Android Studio\jre\jre\bin\java.dll
0x000007fefb0e0000 - 0x000007fefb0f6000 	D:\Program Files\Android\Android Studio\jre\jre\bin\zip.dll
0x000007fefe0a0000 - 0x000007fefee28000 	C:\Windows\system32\SHELL32.dll
0x000007feff350000 - 0x000007feff553000 	C:\Windows\system32\ole32.dll
0x000007fefd590000 - 0x000007fefd59f000 	C:\Windows\system32\profapi.dll

VM Arguments:
jvm_args: -Djava.awt.headless=true -Xmx1024M -Dfile.encoding=GBK -Duser.country=CN -Duser.language=zh -Duser.variant 
java_command: com.android.dx.command.Main --dex --num-threads=4 --output C:\Users\JvHuaxia\AndroidProject\Rijiben\app\build\intermediates\pre-dexed\debug\com.android.support-design-25.1.1_f3f4df2404ca2f899799ef55f1860d4e4715e9a2.jar C:\Users\JvHuaxia\AndroidProject\Rijiben\app\build\intermediates\exploded-aar\com.android.support\design\25.1.1\jars\classes.jar
java_class_path (initial): D:\AndroidSDK\build-tools\25.0.2\lib\dx.jar
Launcher Type: SUN_STANDARD

Environment Variables:



---------------  S Y S T E M  ---------------

OS: Windows 7 , 64 bit Build 7601 (6.1.7601.17514)

CPU:total 4 (2 cores per cpu, 2 threads per core) family 6 model 37 stepping 2, cmov, cx8, fxsr, mmx, sse, sse2, sse3, ssse3, sse4.1, sse4.2, popcnt, ht, tsc, tscinvbit

Memory: 4k page, physical 4051460k(84432k free), swap 6146768k(4716k free)

vm_info: OpenJDK 64-Bit Server VM (25.76-b03) for windows-amd64 JRE (1.8.0_76-release-b03), built on Jun 29 2016 19:09:20 by "ralucas" with MS VC++ 10.0 (VS2010)

time: Tue Feb 28 01:52:41 2017
elapsed time: 31 seconds (0d 0h 0m 31s)

